[2025-08-07 03:21:18,475] {taskinstance.py:1159} INFO - Dependencies all met for <TaskInstance: example_bash_operator.runme_1 scheduled__2025-08-06T00:00:00+00:00 [queued]>
[2025-08-07 03:21:18,493] {taskinstance.py:1159} INFO - Dependencies all met for <TaskInstance: example_bash_operator.runme_1 scheduled__2025-08-06T00:00:00+00:00 [queued]>
[2025-08-07 03:21:18,493] {taskinstance.py:1356} INFO - 
--------------------------------------------------------------------------------
[2025-08-07 03:21:18,494] {taskinstance.py:1357} INFO - Starting attempt 1 of 1
[2025-08-07 03:21:18,495] {taskinstance.py:1358} INFO - 
--------------------------------------------------------------------------------
[2025-08-07 03:21:18,526] {taskinstance.py:1377} INFO - Executing <Task(BashOperator): runme_1> on 2025-08-06 00:00:00+00:00
[2025-08-07 03:21:18,546] {standard_task_runner.py:52} INFO - Started process 475 to run task
[2025-08-07 03:21:18,556] {standard_task_runner.py:79} INFO - Running: ['***', 'tasks', 'run', 'example_bash_operator', 'runme_1', 'scheduled__2025-08-06T00:00:00+00:00', '--job-id', '35', '--raw', '--subdir', '/home/***/.local/lib/python3.7/site-packages/***/example_dags/example_bash_operator.py', '--cfg-path', '/tmp/tmpn5k5wwrr', '--error-file', '/tmp/tmpi7esk4em']
[2025-08-07 03:21:18,558] {standard_task_runner.py:80} INFO - Job 35: Subtask runme_1
[2025-08-07 03:21:18,727] {task_command.py:369} INFO - Running <TaskInstance: example_bash_operator.runme_1 scheduled__2025-08-06T00:00:00+00:00 [running]> on host f83ee74b89ef
[2025-08-07 03:21:19,361] {taskinstance.py:1571} INFO - Exporting the following env vars:
AIRFLOW_CTX_DAG_OWNER=***
AIRFLOW_CTX_DAG_ID=example_bash_operator
AIRFLOW_CTX_TASK_ID=runme_1
AIRFLOW_CTX_EXECUTION_DATE=2025-08-06T00:00:00+00:00
AIRFLOW_CTX_TRY_NUMBER=1
AIRFLOW_CTX_DAG_RUN_ID=scheduled__2025-08-06T00:00:00+00:00
[2025-08-07 03:21:19,364] {subprocess.py:62} INFO - Tmp dir root location: 
 /tmp
[2025-08-07 03:21:19,365] {subprocess.py:74} INFO - Running command: ['bash', '-c', 'echo "example_bash_operator__runme_1__20250806" && sleep 1']
[2025-08-07 03:21:19,419] {subprocess.py:85} INFO - Output:
[2025-08-07 03:21:19,433] {subprocess.py:92} INFO - example_bash_operator__runme_1__20250806
[2025-08-07 03:21:20,439] {subprocess.py:96} INFO - Command exited with return code 0
[2025-08-07 03:21:20,551] {taskinstance.py:1400} INFO - Marking task as SUCCESS. dag_id=example_bash_operator, task_id=runme_1, execution_date=20250806T000000, start_date=20250807T032118, end_date=20250807T032120
[2025-08-07 03:21:20,668] {local_task_job.py:156} INFO - Task exited with return code 0
[2025-08-07 03:21:20,796] {local_task_job.py:273} INFO - 0 downstream tasks scheduled from follow-on schedule check
[2025-08-07 03:29:57,262] {taskinstance.py:1159} INFO - Dependencies all met for <TaskInstance: example_bash_operator.runme_1 scheduled__2025-08-06T00:00:00+00:00 [queued]>
[2025-08-07 03:29:57,285] {taskinstance.py:1159} INFO - Dependencies all met for <TaskInstance: example_bash_operator.runme_1 scheduled__2025-08-06T00:00:00+00:00 [queued]>
[2025-08-07 03:29:57,286] {taskinstance.py:1356} INFO - 
--------------------------------------------------------------------------------
[2025-08-07 03:29:57,286] {taskinstance.py:1357} INFO - Starting attempt 1 of 1
[2025-08-07 03:29:57,286] {taskinstance.py:1358} INFO - 
--------------------------------------------------------------------------------
[2025-08-07 03:29:57,323] {taskinstance.py:1377} INFO - Executing <Task(BashOperator): runme_1> on 2025-08-06 00:00:00+00:00
[2025-08-07 03:29:57,344] {standard_task_runner.py:52} INFO - Started process 500 to run task
[2025-08-07 03:29:57,352] {standard_task_runner.py:79} INFO - Running: ['***', 'tasks', 'run', 'example_bash_operator', 'runme_1', 'scheduled__2025-08-06T00:00:00+00:00', '--job-id', '37', '--raw', '--subdir', '/home/***/.local/lib/python3.7/site-packages/***/example_dags/example_bash_operator.py', '--cfg-path', '/tmp/tmppit82b_a', '--error-file', '/tmp/tmpmsvbvvc2']
[2025-08-07 03:29:57,384] {standard_task_runner.py:80} INFO - Job 37: Subtask runme_1
[2025-08-07 03:29:57,630] {task_command.py:369} INFO - Running <TaskInstance: example_bash_operator.runme_1 scheduled__2025-08-06T00:00:00+00:00 [running]> on host 47565329e35b
[2025-08-07 03:29:58,262] {taskinstance.py:1571} INFO - Exporting the following env vars:
AIRFLOW_CTX_DAG_OWNER=***
AIRFLOW_CTX_DAG_ID=example_bash_operator
AIRFLOW_CTX_TASK_ID=runme_1
AIRFLOW_CTX_EXECUTION_DATE=2025-08-06T00:00:00+00:00
AIRFLOW_CTX_TRY_NUMBER=1
AIRFLOW_CTX_DAG_RUN_ID=scheduled__2025-08-06T00:00:00+00:00
[2025-08-07 03:29:58,263] {subprocess.py:62} INFO - Tmp dir root location: 
 /tmp
[2025-08-07 03:29:58,264] {subprocess.py:74} INFO - Running command: ['bash', '-c', 'echo "example_bash_operator__runme_1__20250806" && sleep 1']
[2025-08-07 03:29:58,286] {subprocess.py:85} INFO - Output:
[2025-08-07 03:29:58,294] {subprocess.py:92} INFO - example_bash_operator__runme_1__20250806
[2025-08-07 03:29:59,297] {subprocess.py:96} INFO - Command exited with return code 0
[2025-08-07 03:29:59,381] {taskinstance.py:1400} INFO - Marking task as SUCCESS. dag_id=example_bash_operator, task_id=runme_1, execution_date=20250806T000000, start_date=20250807T032957, end_date=20250807T032959
[2025-08-07 03:29:59,445] {local_task_job.py:156} INFO - Task exited with return code 0
[2025-08-07 03:29:59,515] {local_task_job.py:273} INFO - 1 downstream tasks scheduled from follow-on schedule check
[2025-08-07 03:40:03,794] {taskinstance.py:1159} INFO - Dependencies all met for <TaskInstance: example_bash_operator.runme_1 scheduled__2025-08-06T00:00:00+00:00 [queued]>
[2025-08-07 03:40:03,819] {taskinstance.py:1159} INFO - Dependencies all met for <TaskInstance: example_bash_operator.runme_1 scheduled__2025-08-06T00:00:00+00:00 [queued]>
[2025-08-07 03:40:03,820] {taskinstance.py:1356} INFO - 
--------------------------------------------------------------------------------
[2025-08-07 03:40:03,820] {taskinstance.py:1357} INFO - Starting attempt 1 of 1
[2025-08-07 03:40:03,820] {taskinstance.py:1358} INFO - 
--------------------------------------------------------------------------------
[2025-08-07 03:40:03,861] {taskinstance.py:1377} INFO - Executing <Task(BashOperator): runme_1> on 2025-08-06 00:00:00+00:00
[2025-08-07 03:40:03,873] {standard_task_runner.py:52} INFO - Started process 511 to run task
[2025-08-07 03:40:03,879] {standard_task_runner.py:79} INFO - Running: ['***', 'tasks', 'run', 'example_bash_operator', 'runme_1', 'scheduled__2025-08-06T00:00:00+00:00', '--job-id', '42', '--raw', '--subdir', '/home/***/.local/lib/python3.7/site-packages/***/example_dags/example_bash_operator.py', '--cfg-path', '/tmp/tmpiwfz407u', '--error-file', '/tmp/tmp0jxr2mlt']
[2025-08-07 03:40:03,881] {standard_task_runner.py:80} INFO - Job 42: Subtask runme_1
[2025-08-07 03:40:04,021] {task_command.py:369} INFO - Running <TaskInstance: example_bash_operator.runme_1 scheduled__2025-08-06T00:00:00+00:00 [running]> on host 92a46ac2453f
[2025-08-07 03:40:04,940] {taskinstance.py:1571} INFO - Exporting the following env vars:
AIRFLOW_CTX_DAG_OWNER=***
AIRFLOW_CTX_DAG_ID=example_bash_operator
AIRFLOW_CTX_TASK_ID=runme_1
AIRFLOW_CTX_EXECUTION_DATE=2025-08-06T00:00:00+00:00
AIRFLOW_CTX_TRY_NUMBER=1
AIRFLOW_CTX_DAG_RUN_ID=scheduled__2025-08-06T00:00:00+00:00
[2025-08-07 03:40:04,942] {subprocess.py:62} INFO - Tmp dir root location: 
 /tmp
[2025-08-07 03:40:04,944] {subprocess.py:74} INFO - Running command: ['bash', '-c', 'echo "example_bash_operator__runme_1__20250806" && sleep 1']
[2025-08-07 03:40:04,994] {subprocess.py:85} INFO - Output:
[2025-08-07 03:40:05,002] {subprocess.py:92} INFO - example_bash_operator__runme_1__20250806
[2025-08-07 03:40:06,023] {subprocess.py:96} INFO - Command exited with return code 0
[2025-08-07 03:40:06,122] {taskinstance.py:1400} INFO - Marking task as SUCCESS. dag_id=example_bash_operator, task_id=runme_1, execution_date=20250806T000000, start_date=20250807T034003, end_date=20250807T034006
[2025-08-07 03:40:06,166] {local_task_job.py:156} INFO - Task exited with return code 0
[2025-08-07 03:40:06,275] {local_task_job.py:273} INFO - 1 downstream tasks scheduled from follow-on schedule check
[2025-08-07 10:40:26,409] {taskinstance.py:1159} INFO - Dependencies all met for <TaskInstance: example_bash_operator.runme_1 scheduled__2025-08-06T00:00:00+00:00 [queued]>
[2025-08-07 10:40:26,463] {taskinstance.py:1159} INFO - Dependencies all met for <TaskInstance: example_bash_operator.runme_1 scheduled__2025-08-06T00:00:00+00:00 [queued]>
[2025-08-07 10:40:26,464] {taskinstance.py:1356} INFO - 
--------------------------------------------------------------------------------
[2025-08-07 10:40:26,464] {taskinstance.py:1357} INFO - Starting attempt 1 of 1
[2025-08-07 10:40:26,465] {taskinstance.py:1358} INFO - 
--------------------------------------------------------------------------------
[2025-08-07 10:40:26,518] {taskinstance.py:1377} INFO - Executing <Task(BashOperator): runme_1> on 2025-08-06 00:00:00+00:00
[2025-08-07 10:40:26,548] {standard_task_runner.py:52} INFO - Started process 507 to run task
[2025-08-07 10:40:26,554] {standard_task_runner.py:79} INFO - Running: ['***', 'tasks', 'run', 'example_bash_operator', 'runme_1', 'scheduled__2025-08-06T00:00:00+00:00', '--job-id', '41', '--raw', '--subdir', '/home/***/.local/lib/python3.7/site-packages/***/example_dags/example_bash_operator.py', '--cfg-path', '/tmp/tmp_qeeeydm', '--error-file', '/tmp/tmpxr_girto']
[2025-08-07 10:40:26,556] {standard_task_runner.py:80} INFO - Job 41: Subtask runme_1
[2025-08-07 10:40:26,738] {task_command.py:369} INFO - Running <TaskInstance: example_bash_operator.runme_1 scheduled__2025-08-06T00:00:00+00:00 [running]> on host 81d3b97a0728
[2025-08-07 10:40:27,282] {taskinstance.py:1571} INFO - Exporting the following env vars:
AIRFLOW_CTX_DAG_OWNER=***
AIRFLOW_CTX_DAG_ID=example_bash_operator
AIRFLOW_CTX_TASK_ID=runme_1
AIRFLOW_CTX_EXECUTION_DATE=2025-08-06T00:00:00+00:00
AIRFLOW_CTX_TRY_NUMBER=1
AIRFLOW_CTX_DAG_RUN_ID=scheduled__2025-08-06T00:00:00+00:00
[2025-08-07 10:40:27,286] {subprocess.py:62} INFO - Tmp dir root location: 
 /tmp
[2025-08-07 10:40:27,288] {subprocess.py:74} INFO - Running command: ['bash', '-c', 'echo "example_bash_operator__runme_1__20250806" && sleep 1']
[2025-08-07 10:40:27,321] {subprocess.py:85} INFO - Output:
[2025-08-07 10:40:27,326] {subprocess.py:92} INFO - example_bash_operator__runme_1__20250806
[2025-08-07 10:40:28,332] {subprocess.py:96} INFO - Command exited with return code 0
[2025-08-07 10:40:28,388] {taskinstance.py:1400} INFO - Marking task as SUCCESS. dag_id=example_bash_operator, task_id=runme_1, execution_date=20250806T000000, start_date=20250807T104026, end_date=20250807T104028
[2025-08-07 10:40:28,462] {local_task_job.py:156} INFO - Task exited with return code 0
[2025-08-07 10:40:28,545] {local_task_job.py:273} INFO - 0 downstream tasks scheduled from follow-on schedule check
[2025-08-07 11:11:51,537] {taskinstance.py:1159} INFO - Dependencies all met for <TaskInstance: example_bash_operator.runme_1 scheduled__2025-08-06T00:00:00+00:00 [queued]>
[2025-08-07 11:11:51,561] {taskinstance.py:1159} INFO - Dependencies all met for <TaskInstance: example_bash_operator.runme_1 scheduled__2025-08-06T00:00:00+00:00 [queued]>
[2025-08-07 11:11:51,563] {taskinstance.py:1356} INFO - 
--------------------------------------------------------------------------------
[2025-08-07 11:11:51,564] {taskinstance.py:1357} INFO - Starting attempt 1 of 1
[2025-08-07 11:11:51,565] {taskinstance.py:1358} INFO - 
--------------------------------------------------------------------------------
[2025-08-07 11:11:51,633] {taskinstance.py:1377} INFO - Executing <Task(BashOperator): runme_1> on 2025-08-06 00:00:00+00:00
[2025-08-07 11:11:51,642] {standard_task_runner.py:52} INFO - Started process 496 to run task
[2025-08-07 11:11:51,652] {standard_task_runner.py:79} INFO - Running: ['***', 'tasks', 'run', 'example_bash_operator', 'runme_1', 'scheduled__2025-08-06T00:00:00+00:00', '--job-id', '33', '--raw', '--subdir', '/home/***/.local/lib/python3.7/site-packages/***/example_dags/example_bash_operator.py', '--cfg-path', '/tmp/tmpfc487c2s', '--error-file', '/tmp/tmp3xbf02w0']
[2025-08-07 11:11:51,655] {standard_task_runner.py:80} INFO - Job 33: Subtask runme_1
[2025-08-07 11:11:51,804] {task_command.py:369} INFO - Running <TaskInstance: example_bash_operator.runme_1 scheduled__2025-08-06T00:00:00+00:00 [running]> on host b22dcc1493a4
[2025-08-07 11:11:52,244] {taskinstance.py:1571} INFO - Exporting the following env vars:
AIRFLOW_CTX_DAG_OWNER=***
AIRFLOW_CTX_DAG_ID=example_bash_operator
AIRFLOW_CTX_TASK_ID=runme_1
AIRFLOW_CTX_EXECUTION_DATE=2025-08-06T00:00:00+00:00
AIRFLOW_CTX_TRY_NUMBER=1
AIRFLOW_CTX_DAG_RUN_ID=scheduled__2025-08-06T00:00:00+00:00
[2025-08-07 11:11:52,249] {subprocess.py:62} INFO - Tmp dir root location: 
 /tmp
[2025-08-07 11:11:52,253] {subprocess.py:74} INFO - Running command: ['bash', '-c', 'echo "example_bash_operator__runme_1__20250806" && sleep 1']
[2025-08-07 11:11:52,284] {subprocess.py:85} INFO - Output:
[2025-08-07 11:11:52,291] {subprocess.py:92} INFO - example_bash_operator__runme_1__20250806
[2025-08-07 11:11:53,298] {subprocess.py:96} INFO - Command exited with return code 0
[2025-08-07 11:11:53,355] {taskinstance.py:1400} INFO - Marking task as SUCCESS. dag_id=example_bash_operator, task_id=runme_1, execution_date=20250806T000000, start_date=20250807T111151, end_date=20250807T111153
[2025-08-07 11:11:53,442] {local_task_job.py:156} INFO - Task exited with return code 0
[2025-08-07 11:11:53,539] {local_task_job.py:273} INFO - 0 downstream tasks scheduled from follow-on schedule check
[2025-08-07 20:33:56,018] {taskinstance.py:1159} INFO - Dependencies all met for <TaskInstance: example_bash_operator.runme_1 scheduled__2025-08-06T00:00:00+00:00 [queued]>
[2025-08-07 20:33:56,040] {taskinstance.py:1159} INFO - Dependencies all met for <TaskInstance: example_bash_operator.runme_1 scheduled__2025-08-06T00:00:00+00:00 [queued]>
[2025-08-07 20:33:56,040] {taskinstance.py:1356} INFO - 
--------------------------------------------------------------------------------
[2025-08-07 20:33:56,040] {taskinstance.py:1357} INFO - Starting attempt 1 of 1
[2025-08-07 20:33:56,040] {taskinstance.py:1358} INFO - 
--------------------------------------------------------------------------------
[2025-08-07 20:33:56,120] {taskinstance.py:1377} INFO - Executing <Task(BashOperator): runme_1> on 2025-08-06 00:00:00+00:00
[2025-08-07 20:33:56,208] {standard_task_runner.py:52} INFO - Started process 540 to run task
[2025-08-07 20:33:56,222] {standard_task_runner.py:79} INFO - Running: ['***', 'tasks', 'run', 'example_bash_operator', 'runme_1', 'scheduled__2025-08-06T00:00:00+00:00', '--job-id', '40', '--raw', '--subdir', '/home/***/.local/lib/python3.7/site-packages/***/example_dags/example_bash_operator.py', '--cfg-path', '/tmp/tmp0otwwegy', '--error-file', '/tmp/tmptnhf8r_e']
[2025-08-07 20:33:56,228] {standard_task_runner.py:80} INFO - Job 40: Subtask runme_1
[2025-08-07 20:33:56,426] {task_command.py:369} INFO - Running <TaskInstance: example_bash_operator.runme_1 scheduled__2025-08-06T00:00:00+00:00 [running]> on host 034e74559af0
[2025-08-07 20:34:55,406] {base_job.py:229} ERROR - LocalTaskJob heartbeat got an exception
Traceback (most recent call last):
  File "/home/airflow/.local/lib/python3.7/site-packages/sqlalchemy/engine/base.py", line 3141, in _wrap_pool_connect
    return fn()
  File "/home/airflow/.local/lib/python3.7/site-packages/sqlalchemy/pool/base.py", line 301, in connect
    return _ConnectionFairy._checkout(self)
  File "/home/airflow/.local/lib/python3.7/site-packages/sqlalchemy/pool/base.py", line 755, in _checkout
    fairy = _ConnectionRecord.checkout(pool)
  File "/home/airflow/.local/lib/python3.7/site-packages/sqlalchemy/pool/base.py", line 419, in checkout
    rec = pool._do_get()
  File "/home/airflow/.local/lib/python3.7/site-packages/sqlalchemy/pool/impl.py", line 259, in _do_get
    return self._create_connection()
  File "/home/airflow/.local/lib/python3.7/site-packages/sqlalchemy/pool/base.py", line 247, in _create_connection
    return _ConnectionRecord(self)
  File "/home/airflow/.local/lib/python3.7/site-packages/sqlalchemy/pool/base.py", line 362, in __init__
    self.__connect(first_connect_check=True)
  File "/home/airflow/.local/lib/python3.7/site-packages/sqlalchemy/pool/base.py", line 605, in __connect
    pool.logger.debug("Error on connect(): %s", e)
  File "/home/airflow/.local/lib/python3.7/site-packages/sqlalchemy/util/langhelpers.py", line 72, in __exit__
    with_traceback=exc_tb,
  File "/home/airflow/.local/lib/python3.7/site-packages/sqlalchemy/util/compat.py", line 211, in raise_
    raise exception
  File "/home/airflow/.local/lib/python3.7/site-packages/sqlalchemy/pool/base.py", line 599, in __connect
    connection = pool._invoke_creator(self)
  File "/home/airflow/.local/lib/python3.7/site-packages/sqlalchemy/engine/create.py", line 578, in connect
    return dialect.connect(*cargs, **cparams)
  File "/home/airflow/.local/lib/python3.7/site-packages/sqlalchemy/engine/default.py", line 583, in connect
    return self.dbapi.connect(*cargs, **cparams)
  File "/home/airflow/.local/lib/python3.7/site-packages/psycopg2/__init__.py", line 122, in connect
    conn = _connect(dsn, connection_factory=connection_factory, **kwasync)
psycopg2.OperationalError: could not translate host name "***-postgres" to address: Temporary failure in name resolution


The above exception was the direct cause of the following exception:

Traceback (most recent call last):
  File "/home/airflow/.local/lib/python3.7/site-packages/airflow/jobs/base_job.py", line 219, in heartbeat
    session.merge(self)
  File "/home/airflow/.local/lib/python3.7/site-packages/sqlalchemy/orm/session.py", line 2877, in merge
    _resolve_conflict_map=_resolve_conflict_map,
  File "/home/airflow/.local/lib/python3.7/site-packages/sqlalchemy/orm/session.py", line 2950, in _merge
    merged = self.get(mapper.class_, key[1], identity_token=key[2])
  File "/home/airflow/.local/lib/python3.7/site-packages/sqlalchemy/orm/session.py", line 2702, in get
    identity_token=identity_token,
  File "/home/airflow/.local/lib/python3.7/site-packages/sqlalchemy/orm/session.py", line 2800, in _get_impl
    load_options=load_options,
  File "/home/airflow/.local/lib/python3.7/site-packages/sqlalchemy/orm/loading.py", line 535, in load_on_pk_identity
    bind_arguments=bind_arguments,
  File "/home/airflow/.local/lib/python3.7/site-packages/sqlalchemy/orm/session.py", line 1669, in execute
    conn = self._connection_for_bind(bind, close_with_result=True)
  File "/home/airflow/.local/lib/python3.7/site-packages/sqlalchemy/orm/session.py", line 1520, in _connection_for_bind
    engine, execution_options
  File "/home/airflow/.local/lib/python3.7/site-packages/sqlalchemy/orm/session.py", line 747, in _connection_for_bind
    conn = bind.connect()
  File "/home/airflow/.local/lib/python3.7/site-packages/sqlalchemy/engine/base.py", line 3095, in connect
    return self._connection_cls(self, close_with_result=close_with_result)
  File "/home/airflow/.local/lib/python3.7/site-packages/sqlalchemy/engine/base.py", line 91, in __init__
    else engine.raw_connection()
  File "/home/airflow/.local/lib/python3.7/site-packages/sqlalchemy/engine/base.py", line 3174, in raw_connection
    return self._wrap_pool_connect(self.pool.connect, _connection)
  File "/home/airflow/.local/lib/python3.7/site-packages/sqlalchemy/engine/base.py", line 3145, in _wrap_pool_connect
    e, dialect, self
  File "/home/airflow/.local/lib/python3.7/site-packages/sqlalchemy/engine/base.py", line 2004, in _handle_dbapi_exception_noconnection
    sqlalchemy_exception, with_traceback=exc_info[2], from_=e
  File "/home/airflow/.local/lib/python3.7/site-packages/sqlalchemy/util/compat.py", line 211, in raise_
    raise exception
  File "/home/airflow/.local/lib/python3.7/site-packages/sqlalchemy/engine/base.py", line 3141, in _wrap_pool_connect
    return fn()
  File "/home/airflow/.local/lib/python3.7/site-packages/sqlalchemy/pool/base.py", line 301, in connect
    return _ConnectionFairy._checkout(self)
  File "/home/airflow/.local/lib/python3.7/site-packages/sqlalchemy/pool/base.py", line 755, in _checkout
    fairy = _ConnectionRecord.checkout(pool)
  File "/home/airflow/.local/lib/python3.7/site-packages/sqlalchemy/pool/base.py", line 419, in checkout
    rec = pool._do_get()
  File "/home/airflow/.local/lib/python3.7/site-packages/sqlalchemy/pool/impl.py", line 259, in _do_get
    return self._create_connection()
  File "/home/airflow/.local/lib/python3.7/site-packages/sqlalchemy/pool/base.py", line 247, in _create_connection
    return _ConnectionRecord(self)
  File "/home/airflow/.local/lib/python3.7/site-packages/sqlalchemy/pool/base.py", line 362, in __init__
    self.__connect(first_connect_check=True)
  File "/home/airflow/.local/lib/python3.7/site-packages/sqlalchemy/pool/base.py", line 605, in __connect
    pool.logger.debug("Error on connect(): %s", e)
  File "/home/airflow/.local/lib/python3.7/site-packages/sqlalchemy/util/langhelpers.py", line 72, in __exit__
    with_traceback=exc_tb,
  File "/home/airflow/.local/lib/python3.7/site-packages/sqlalchemy/util/compat.py", line 211, in raise_
    raise exception
  File "/home/airflow/.local/lib/python3.7/site-packages/sqlalchemy/pool/base.py", line 599, in __connect
    connection = pool._invoke_creator(self)
  File "/home/airflow/.local/lib/python3.7/site-packages/sqlalchemy/engine/create.py", line 578, in connect
    return dialect.connect(*cargs, **cparams)
  File "/home/airflow/.local/lib/python3.7/site-packages/sqlalchemy/engine/default.py", line 583, in connect
    return self.dbapi.connect(*cargs, **cparams)
  File "/home/airflow/.local/lib/python3.7/site-packages/psycopg2/__init__.py", line 122, in connect
    conn = _connect(dsn, connection_factory=connection_factory, **kwasync)
sqlalchemy.exc.OperationalError: (psycopg2.OperationalError) could not translate host name "***-postgres" to address: Temporary failure in name resolution

(Background on this error at: http://sqlalche.me/e/14/e3q8)
[2025-08-07 20:34:56,193] {taskinstance.py:1571} INFO - Exporting the following env vars:
AIRFLOW_CTX_DAG_OWNER=***
AIRFLOW_CTX_DAG_ID=example_bash_operator
AIRFLOW_CTX_TASK_ID=runme_1
AIRFLOW_CTX_EXECUTION_DATE=2025-08-06T00:00:00+00:00
AIRFLOW_CTX_TRY_NUMBER=1
AIRFLOW_CTX_DAG_RUN_ID=scheduled__2025-08-06T00:00:00+00:00
[2025-08-07 20:34:56,194] {subprocess.py:62} INFO - Tmp dir root location: 
 /tmp
[2025-08-07 20:34:56,195] {subprocess.py:74} INFO - Running command: ['bash', '-c', 'echo "example_bash_operator__runme_1__20250806" && sleep 1']
[2025-08-07 20:34:56,279] {subprocess.py:85} INFO - Output:
[2025-08-07 20:34:56,283] {subprocess.py:92} INFO - example_bash_operator__runme_1__20250806
[2025-08-07 20:34:57,282] {subprocess.py:96} INFO - Command exited with return code 0
[2025-08-07 20:34:57,613] {taskinstance.py:1400} INFO - Marking task as SUCCESS. dag_id=example_bash_operator, task_id=runme_1, execution_date=20250806T000000, start_date=20250807T203356, end_date=20250807T203457
[2025-08-07 20:34:57,678] {local_task_job.py:156} INFO - Task exited with return code 0
[2025-08-07 20:34:57,829] {local_task_job.py:273} INFO - 1 downstream tasks scheduled from follow-on schedule check
